[debug] [2023-03-23T18:37:50.841Z] ----------------------------------------------------------------------
[debug] [2023-03-23T18:37:50.843Z] Command:       C:\Program Files\nodejs\node.exe C:\Users\orian\AppData\Roaming\npm\node_modules\firebase-tools\lib\bin\firebase.js login
[debug] [2023-03-23T18:37:50.844Z] CLI Version:   11.25.1
[debug] [2023-03-23T18:37:50.844Z] Platform:      win32
[debug] [2023-03-23T18:37:50.844Z] Node Version:  v18.13.0
[debug] [2023-03-23T18:37:50.845Z] Time:          Thu Mar 23 2023 15:37:50 GMT-0300 (hora estándar de Argentina)
[debug] [2023-03-23T18:37:50.845Z] ----------------------------------------------------------------------
[debug] 
[info] i  Firebase optionally collects CLI and Emulator Suite usage and error reporting information to help improve our products. Data is collected in accordance with Google's privacy policy (https://policies.google.com/privacy) and is not used to identify you.
 
[info] i  To change your data collection preference at any time, run `firebase logout` and log in again. 
[info] 
[info] Visit this URL on this device to log in:
[info] https://accounts.google.com/o/oauth2/auth?client_id=563584335869-fgrhgmd47bqnekij5i8b5pr03ho849e6.apps.googleusercontent.com&scope=email%20openid%20https%3A%2F%2Fwww.googleapis.com%2Fauth%2Fcloudplatformprojects.readonly%20https%3A%2F%2Fwww.googleapis.com%2Fauth%2Ffirebase%20https%3A%2F%2Fwww.googleapis.com%2Fauth%2Fcloud-platform&response_type=code&state=822830754&redirect_uri=http%3A%2F%2Flocalhost%3A9005
[info] 
[info] Waiting for authentication...
[debug] [2023-03-23T18:38:20.618Z] >>> [apiv2][query] POST https://auth.firebase.tools/attest [none]
[debug] [2023-03-23T18:38:20.619Z] >>> [apiv2][body] POST https://auth.firebase.tools/attest {"session_id":"468b70c0-5ea2-46cb-a31c-851f4c480187"}
[debug] [2023-03-23T18:38:21.278Z] <<< [apiv2][status] POST https://auth.firebase.tools/attest 200
[debug] [2023-03-23T18:38:21.278Z] <<< [apiv2][body] POST https://auth.firebase.tools/attest {"token":"xq8m5aXmkmu0PBI054EC5qz6zlfLeWDqpXAVdQLa6BM"}
[info] 
[info] To sign in to the Firebase CLI:
[info] 
[info] 1. Take note of your session ID:
[info] 
[info]    468B7
[info] 
[info] 2. Visit the URL below on any device and follow the instructions to get your code:
[info] 
[info]    https://auth.firebase.tools/login?code_challenge=zQPMFV3qyhVtyWgQddg5EHBWu5SRczSXOPlu_FfRaGY&session=468b70c0-5ea2-46cb-a31c-851f4c480187&attest=xq8m5aXmkmu0PBI054EC5qz6zlfLeWDqpXAVdQLa6BM
[info] 
[info] 3. Paste or enter the authorization code below once you have it:
[info] 
